<?xml version="1.0" encoding="UTF-8"?>
<!-- Generated by org.testng.reporters.JUnitReportReporter -->
<testsuite name="com.nationalguard.MavenDataDrivenNationalGuard.NationalGuardGetStarted" tests="1" time="79.843" ignored="0" failures="0" timestamp="03 Nov 2019 00:33:04 GMT" skipped="0" hostname="ajay-PC" errors="0">
  <testcase name="getStartedForm" time="79.843" classname="com.nationalguard.MavenDataDrivenNationalGuard.NationalGuardGetStarted"/>
</testsuite> <!-- com.nationalguard.MavenDataDrivenNationalGuard.NationalGuardGetStarted -->
