<?xml version="1.0" encoding="UTF-8"?>
<!-- Generated by org.testng.reporters.JUnitReportReporter -->
<testsuite name="com.nationalguard.MavenDataDrivenNationalGuard.WeightCalculatorTest" tests="2" time="33.141" ignored="0" failures="0" timestamp="03 Nov 2019 06:18:36 GMT" skipped="0" hostname="ajay-PC" errors="0">
  <testcase name="weightCalculatorFemale" time="15.829" classname="com.nationalguard.MavenDataDrivenNationalGuard.WeightCalculatorTest"/>
  <testcase name="weightCalculatorMale" time="17.312" classname="com.nationalguard.MavenDataDrivenNationalGuard.WeightCalculatorTest"/>
</testsuite> <!-- com.nationalguard.MavenDataDrivenNationalGuard.WeightCalculatorTest -->
