<?xml version="1.0" encoding="UTF-8"?>
<!-- Generated by org.testng.reporters.JUnitReportReporter -->
<testsuite name="com.nationalguard.MavenDataDrivenNationalGuard.FitnessCal" tests="2" time="35.873" ignored="0" failures="0" timestamp="03 Nov 2019 06:17:43 GMT" skipped="0" hostname="ajay-PC" errors="0">
  <testcase name="fitnessCalculatorMale" time="16.962" classname="com.nationalguard.MavenDataDrivenNationalGuard.FitnessCal"/>
  <testcase name="fitnessCalculatorFemale" time="18.911" classname="com.nationalguard.MavenDataDrivenNationalGuard.FitnessCal"/>
</testsuite> <!-- com.nationalguard.MavenDataDrivenNationalGuard.FitnessCal -->
